<?xml version="1.0" encoding="UTF-8"?>
<robot generator="Robot 4.1.2 (Python 3.10.0 on win32)" generated="20211020 20:38:51.053" rpa="false" schemaversion="2">
<suite id="s1" name="Exercicios" source="C:\Users\v_fel\Desktop\Curso Prime\tests\exercicios.robot">
<test id="s1-t1" name="Cenario: Validando decisões">
<kw name="Validando decisões">
<for flavor="IN RANGE">
<var>${COUNT}</var>
<value>0</value>
<value>9</value>
<iter>
<var name="${COUNT}">0</var>
<if>
<branch type="IF" condition="'${COUNT}'=='5'">
<kw name="Log To Console" library="BuiltIn">
<arg>Estou no numero ${COUNT}</arg>
<doc>Logs the given message to the console.</doc>
<status status="NOT RUN" starttime="20211020 20:38:51.084" endtime="20211020 20:38:51.085"/>
</kw>
<status status="NOT RUN" starttime="20211020 20:38:51.084" endtime="20211020 20:38:51.085"/>
</branch>
<branch type="ELSE IF" condition="'${COUNT}'=='8'">
<kw name="Log To Console" library="BuiltIn">
<arg>Estou no numero ${COUNT}</arg>
<doc>Logs the given message to the console.</doc>
<status status="NOT RUN" starttime="20211020 20:38:51.085" endtime="20211020 20:38:51.085"/>
</kw>
<status status="NOT RUN" starttime="20211020 20:38:51.085" endtime="20211020 20:38:51.085"/>
</branch>
<branch type="ELSE">
<kw name="Log To Console" library="BuiltIn">
<arg>Este não é o número 5 ou o número 8</arg>
<doc>Logs the given message to the console.</doc>
<status status="PASS" starttime="20211020 20:38:51.085" endtime="20211020 20:38:51.086"/>
</kw>
<status status="PASS" starttime="20211020 20:38:51.085" endtime="20211020 20:38:51.086"/>
</branch>
<status status="PASS" starttime="20211020 20:38:51.084" endtime="20211020 20:38:51.086"/>
</if>
<status status="PASS" starttime="20211020 20:38:51.084" endtime="20211020 20:38:51.086"/>
</iter>
<iter>
<var name="${COUNT}">1</var>
<if>
<branch type="IF" condition="'${COUNT}'=='5'">
<kw name="Log To Console" library="BuiltIn">
<arg>Estou no numero ${COUNT}</arg>
<doc>Logs the given message to the console.</doc>
<status status="NOT RUN" starttime="20211020 20:38:51.086" endtime="20211020 20:38:51.086"/>
</kw>
<status status="NOT RUN" starttime="20211020 20:38:51.086" endtime="20211020 20:38:51.086"/>
</branch>
<branch type="ELSE IF" condition="'${COUNT}'=='8'">
<kw name="Log To Console" library="BuiltIn">
<arg>Estou no numero ${COUNT}</arg>
<doc>Logs the given message to the console.</doc>
<status status="NOT RUN" starttime="20211020 20:38:51.086" endtime="20211020 20:38:51.086"/>
</kw>
<status status="NOT RUN" starttime="20211020 20:38:51.086" endtime="20211020 20:38:51.086"/>
</branch>
<branch type="ELSE">
<kw name="Log To Console" library="BuiltIn">
<arg>Este não é o número 5 ou o número 8</arg>
<doc>Logs the given message to the console.</doc>
<status status="PASS" starttime="20211020 20:38:51.086" endtime="20211020 20:38:51.087"/>
</kw>
<status status="PASS" starttime="20211020 20:38:51.086" endtime="20211020 20:38:51.087"/>
</branch>
<status status="PASS" starttime="20211020 20:38:51.086" endtime="20211020 20:38:51.087"/>
</if>
<status status="PASS" starttime="20211020 20:38:51.086" endtime="20211020 20:38:51.087"/>
</iter>
<iter>
<var name="${COUNT}">2</var>
<if>
<branch type="IF" condition="'${COUNT}'=='5'">
<kw name="Log To Console" library="BuiltIn">
<arg>Estou no numero ${COUNT}</arg>
<doc>Logs the given message to the console.</doc>
<status status="NOT RUN" starttime="20211020 20:38:51.088" endtime="20211020 20:38:51.088"/>
</kw>
<status status="NOT RUN" starttime="20211020 20:38:51.088" endtime="20211020 20:38:51.088"/>
</branch>
<branch type="ELSE IF" condition="'${COUNT}'=='8'">
<kw name="Log To Console" library="BuiltIn">
<arg>Estou no numero ${COUNT}</arg>
<doc>Logs the given message to the console.</doc>
<status status="NOT RUN" starttime="20211020 20:38:51.088" endtime="20211020 20:38:51.088"/>
</kw>
<status status="NOT RUN" starttime="20211020 20:38:51.088" endtime="20211020 20:38:51.088"/>
</branch>
<branch type="ELSE">
<kw name="Log To Console" library="BuiltIn">
<arg>Este não é o número 5 ou o número 8</arg>
<doc>Logs the given message to the console.</doc>
<status status="PASS" starttime="20211020 20:38:51.088" endtime="20211020 20:38:51.089"/>
</kw>
<status status="PASS" starttime="20211020 20:38:51.088" endtime="20211020 20:38:51.089"/>
</branch>
<status status="PASS" starttime="20211020 20:38:51.087" endtime="20211020 20:38:51.089"/>
</if>
<status status="PASS" starttime="20211020 20:38:51.087" endtime="20211020 20:38:51.089"/>
</iter>
<iter>
<var name="${COUNT}">3</var>
<if>
<branch type="IF" condition="'${COUNT}'=='5'">
<kw name="Log To Console" library="BuiltIn">
<arg>Estou no numero ${COUNT}</arg>
<doc>Logs the given message to the console.</doc>
<status status="NOT RUN" starttime="20211020 20:38:51.090" endtime="20211020 20:38:51.090"/>
</kw>
<status status="NOT RUN" starttime="20211020 20:38:51.090" endtime="20211020 20:38:51.090"/>
</branch>
<branch type="ELSE IF" condition="'${COUNT}'=='8'">
<kw name="Log To Console" library="BuiltIn">
<arg>Estou no numero ${COUNT}</arg>
<doc>Logs the given message to the console.</doc>
<status status="NOT RUN" starttime="20211020 20:38:51.091" endtime="20211020 20:38:51.091"/>
</kw>
<status status="NOT RUN" starttime="20211020 20:38:51.091" endtime="20211020 20:38:51.092"/>
</branch>
<branch type="ELSE">
<kw name="Log To Console" library="BuiltIn">
<arg>Este não é o número 5 ou o número 8</arg>
<doc>Logs the given message to the console.</doc>
<status status="PASS" starttime="20211020 20:38:51.092" endtime="20211020 20:38:51.092"/>
</kw>
<status status="PASS" starttime="20211020 20:38:51.092" endtime="20211020 20:38:51.093"/>
</branch>
<status status="PASS" starttime="20211020 20:38:51.090" endtime="20211020 20:38:51.093"/>
</if>
<status status="PASS" starttime="20211020 20:38:51.089" endtime="20211020 20:38:51.093"/>
</iter>
<iter>
<var name="${COUNT}">4</var>
<if>
<branch type="IF" condition="'${COUNT}'=='5'">
<kw name="Log To Console" library="BuiltIn">
<arg>Estou no numero ${COUNT}</arg>
<doc>Logs the given message to the console.</doc>
<status status="NOT RUN" starttime="20211020 20:38:51.093" endtime="20211020 20:38:51.093"/>
</kw>
<status status="NOT RUN" starttime="20211020 20:38:51.093" endtime="20211020 20:38:51.093"/>
</branch>
<branch type="ELSE IF" condition="'${COUNT}'=='8'">
<kw name="Log To Console" library="BuiltIn">
<arg>Estou no numero ${COUNT}</arg>
<doc>Logs the given message to the console.</doc>
<status status="NOT RUN" starttime="20211020 20:38:51.094" endtime="20211020 20:38:51.094"/>
</kw>
<status status="NOT RUN" starttime="20211020 20:38:51.094" endtime="20211020 20:38:51.094"/>
</branch>
<branch type="ELSE">
<kw name="Log To Console" library="BuiltIn">
<arg>Este não é o número 5 ou o número 8</arg>
<doc>Logs the given message to the console.</doc>
<status status="PASS" starttime="20211020 20:38:51.094" endtime="20211020 20:38:51.094"/>
</kw>
<status status="PASS" starttime="20211020 20:38:51.094" endtime="20211020 20:38:51.094"/>
</branch>
<status status="PASS" starttime="20211020 20:38:51.093" endtime="20211020 20:38:51.094"/>
</if>
<status status="PASS" starttime="20211020 20:38:51.093" endtime="20211020 20:38:51.094"/>
</iter>
<iter>
<var name="${COUNT}">5</var>
<if>
<branch type="IF" condition="'${COUNT}'=='5'">
<kw name="Log To Console" library="BuiltIn">
<arg>Estou no numero ${COUNT}</arg>
<doc>Logs the given message to the console.</doc>
<status status="PASS" starttime="20211020 20:38:51.095" endtime="20211020 20:38:51.095"/>
</kw>
<status status="PASS" starttime="20211020 20:38:51.095" endtime="20211020 20:38:51.095"/>
</branch>
<branch type="ELSE IF" condition="'${COUNT}'=='8'">
<kw name="Log To Console" library="BuiltIn">
<arg>Estou no numero ${COUNT}</arg>
<doc>Logs the given message to the console.</doc>
<status status="NOT RUN" starttime="20211020 20:38:51.096" endtime="20211020 20:38:51.096"/>
</kw>
<status status="NOT RUN" starttime="20211020 20:38:51.095" endtime="20211020 20:38:51.096"/>
</branch>
<branch type="ELSE">
<kw name="Log To Console" library="BuiltIn">
<arg>Este não é o número 5 ou o número 8</arg>
<doc>Logs the given message to the console.</doc>
<status status="NOT RUN" starttime="20211020 20:38:51.096" endtime="20211020 20:38:51.096"/>
</kw>
<status status="NOT RUN" starttime="20211020 20:38:51.096" endtime="20211020 20:38:51.096"/>
</branch>
<status status="PASS" starttime="20211020 20:38:51.095" endtime="20211020 20:38:51.096"/>
</if>
<status status="PASS" starttime="20211020 20:38:51.095" endtime="20211020 20:38:51.096"/>
</iter>
<iter>
<var name="${COUNT}">6</var>
<if>
<branch type="IF" condition="'${COUNT}'=='5'">
<kw name="Log To Console" library="BuiltIn">
<arg>Estou no numero ${COUNT}</arg>
<doc>Logs the given message to the console.</doc>
<status status="NOT RUN" starttime="20211020 20:38:51.096" endtime="20211020 20:38:51.096"/>
</kw>
<status status="NOT RUN" starttime="20211020 20:38:51.096" endtime="20211020 20:38:51.096"/>
</branch>
<branch type="ELSE IF" condition="'${COUNT}'=='8'">
<kw name="Log To Console" library="BuiltIn">
<arg>Estou no numero ${COUNT}</arg>
<doc>Logs the given message to the console.</doc>
<status status="NOT RUN" starttime="20211020 20:38:51.097" endtime="20211020 20:38:51.097"/>
</kw>
<status status="NOT RUN" starttime="20211020 20:38:51.096" endtime="20211020 20:38:51.097"/>
</branch>
<branch type="ELSE">
<kw name="Log To Console" library="BuiltIn">
<arg>Este não é o número 5 ou o número 8</arg>
<doc>Logs the given message to the console.</doc>
<status status="PASS" starttime="20211020 20:38:51.097" endtime="20211020 20:38:51.097"/>
</kw>
<status status="PASS" starttime="20211020 20:38:51.097" endtime="20211020 20:38:51.098"/>
</branch>
<status status="PASS" starttime="20211020 20:38:51.096" endtime="20211020 20:38:51.098"/>
</if>
<status status="PASS" starttime="20211020 20:38:51.096" endtime="20211020 20:38:51.098"/>
</iter>
<iter>
<var name="${COUNT}">7</var>
<if>
<branch type="IF" condition="'${COUNT}'=='5'">
<kw name="Log To Console" library="BuiltIn">
<arg>Estou no numero ${COUNT}</arg>
<doc>Logs the given message to the console.</doc>
<status status="NOT RUN" starttime="20211020 20:38:51.099" endtime="20211020 20:38:51.099"/>
</kw>
<status status="NOT RUN" starttime="20211020 20:38:51.098" endtime="20211020 20:38:51.099"/>
</branch>
<branch type="ELSE IF" condition="'${COUNT}'=='8'">
<kw name="Log To Console" library="BuiltIn">
<arg>Estou no numero ${COUNT}</arg>
<doc>Logs the given message to the console.</doc>
<status status="NOT RUN" starttime="20211020 20:38:51.099" endtime="20211020 20:38:51.099"/>
</kw>
<status status="NOT RUN" starttime="20211020 20:38:51.099" endtime="20211020 20:38:51.099"/>
</branch>
<branch type="ELSE">
<kw name="Log To Console" library="BuiltIn">
<arg>Este não é o número 5 ou o número 8</arg>
<doc>Logs the given message to the console.</doc>
<status status="PASS" starttime="20211020 20:38:51.099" endtime="20211020 20:38:51.100"/>
</kw>
<status status="PASS" starttime="20211020 20:38:51.099" endtime="20211020 20:38:51.100"/>
</branch>
<status status="PASS" starttime="20211020 20:38:51.098" endtime="20211020 20:38:51.100"/>
</if>
<status status="PASS" starttime="20211020 20:38:51.098" endtime="20211020 20:38:51.100"/>
</iter>
<iter>
<var name="${COUNT}">8</var>
<if>
<branch type="IF" condition="'${COUNT}'=='5'">
<kw name="Log To Console" library="BuiltIn">
<arg>Estou no numero ${COUNT}</arg>
<doc>Logs the given message to the console.</doc>
<status status="NOT RUN" starttime="20211020 20:38:51.101" endtime="20211020 20:38:51.101"/>
</kw>
<status status="NOT RUN" starttime="20211020 20:38:51.100" endtime="20211020 20:38:51.101"/>
</branch>
<branch type="ELSE IF" condition="'${COUNT}'=='8'">
<kw name="Log To Console" library="BuiltIn">
<arg>Estou no numero ${COUNT}</arg>
<doc>Logs the given message to the console.</doc>
<status status="PASS" starttime="20211020 20:38:51.101" endtime="20211020 20:38:51.101"/>
</kw>
<status status="PASS" starttime="20211020 20:38:51.101" endtime="20211020 20:38:51.102"/>
</branch>
<branch type="ELSE">
<kw name="Log To Console" library="BuiltIn">
<arg>Este não é o número 5 ou o número 8</arg>
<doc>Logs the given message to the console.</doc>
<status status="NOT RUN" starttime="20211020 20:38:51.102" endtime="20211020 20:38:51.102"/>
</kw>
<status status="NOT RUN" starttime="20211020 20:38:51.102" endtime="20211020 20:38:51.102"/>
</branch>
<status status="PASS" starttime="20211020 20:38:51.100" endtime="20211020 20:38:51.102"/>
</if>
<status status="PASS" starttime="20211020 20:38:51.100" endtime="20211020 20:38:51.102"/>
</iter>
<status status="PASS" starttime="20211020 20:38:51.084" endtime="20211020 20:38:51.102"/>
</for>
<status status="PASS" starttime="20211020 20:38:51.083" endtime="20211020 20:38:51.103"/>
</kw>
<tag>TESTE</tag>
<status status="PASS" starttime="20211020 20:38:51.082" endtime="20211020 20:38:51.103"/>
</test>
<doc>Neste arquivo vão estar presente todos exercicios da prime</doc>
<status status="PASS" starttime="20211020 20:38:51.055" endtime="20211020 20:38:51.105"/>
</suite>
<statistics>
<total>
<stat pass="1" fail="0" skip="0">All Tests</stat>
</total>
<tag>
<stat pass="1" fail="0" skip="0">TESTE</stat>
</tag>
<suite>
<stat pass="1" fail="0" skip="0" id="s1" name="Exercicios">Exercicios</stat>
</suite>
</statistics>
<errors>
</errors>
</robot>
